<?xml version="1.0" encoding="UTF-8"?>
<testsuite xmlns:xsi="http://www.w3.org/2001/XMLSchema-instance" xsi:noNamespaceSchemaLocation="https://maven.apache.org/surefire/maven-surefire-plugin/xsd/surefire-test-report-3.0.xsd" version="3.0" name="com.teamitg.DataFiltererTest" time="0.075" tests="7" errors="0" skipped="0" failures="0">
  <properties>
[...]
</properties>
  <testcase name="shouldReturnMatchedResults_WhenCountryIsFound" classname="com.teamitg.DataFiltererTest" time="0.038"/>
  <testcase name="shouldReturnEmptyList_WhenLogFileIsInvalid" classname="com.teamitg.DataFiltererTest" time="0.002">
    <system-err><![CDATA[Invalid data: 143319,0845,US,539
]]></system-err>
  </testcase>
  <testcase name="shouldReturnMatchedResults_WithHigherResponseTime" classname="com.teamitg.DataFiltererTest" time="0.002"/>
  <testcase name="shouldReturnEmptyList_WhenLogFileIsEmpty" classname="com.teamitg.DataFiltererTest" time="0.002"/>
  <testcase name="shouldReturnEmptyList_WhenCountryNotFound" classname="com.teamitg.DataFiltererTest" time="0.001"/>
  <testcase name="shouldReturnList_WithResponseTimeAboveAverage" classname="com.teamitg.DataFiltererTest" time="0.004"/>
  <testcase name="shouldReturnMatchedResults_WithLowerResponseTime" classname="com.teamitg.DataFiltererTest" time="0.001"/>
</testsuite>